{"/home/yogaadhi/GlintsXBinar/glintsxbinar/Week 6/Day 30/index.js": {"path":"/home/yogaadhi/GlintsXBinar/glintsxbinar/Week 6/Day 30/index.js","statementMap":{"0":{"start":{"line":1,"column":0},"end":{"line":3,"column":3}},"1":{"start":{"line":6,"column":16},"end":{"line":6,"column":34}},"2":{"start":{"line":7,"column":19},"end":{"line":7,"column":48}},"3":{"start":{"line":10,"column":19},"end":{"line":10,"column":49}},"4":{"start":{"line":11,"column":24},"end":{"line":11,"column":59}},"5":{"start":{"line":12,"column":21},"end":{"line":12,"column":53}},"6":{"start":{"line":15,"column":12},"end":{"line":15,"column":21}},"7":{"start":{"line":19,"column":0},"end":{"line":19,"column":24}},"8":{"start":{"line":20,"column":0},"end":{"line":24,"column":2}},"9":{"start":{"line":27,"column":0},"end":{"line":27,"column":22}},"10":{"start":{"line":30,"column":0},"end":{"line":30,"column":34}},"11":{"start":{"line":33,"column":0},"end":{"line":33,"column":39}},"12":{"start":{"line":34,"column":0},"end":{"line":34,"column":33}},"13":{"start":{"line":35,"column":0},"end":{"line":35,"column":29}},"14":{"start":{"line":41,"column":2},"end":{"line":41,"column":64}},"15":{"start":{"line":41,"column":25},"end":{"line":41,"column":62}},"16":{"start":{"line":46,"column":0},"end":{"line":46,"column":21}}},"fnMap":{"0":{"name":"(anonymous_0)","decl":{"start":{"line":41,"column":19},"end":{"line":41,"column":20}},"loc":{"start":{"line":41,"column":25},"end":{"line":41,"column":62}},"line":41}},"branchMap":{},"s":{"0":1,"1":1,"2":1,"3":1,"4":1,"5":1,"6":1,"7":1,"8":1,"9":1,"10":1,"11":1,"12":1,"13":1,"14":1,"15":1,"16":1},"f":{"0":1},"b":{},"_coverageSchema":"1a1c01bbd47fc00a2c39e90264f33305004495a9","hash":"a14506f1445a9074486255b4d91417a6b36a9eb1"}
,"/home/yogaadhi/GlintsXBinar/glintsxbinar/Week 6/Day 30/controllers/authController.js": {"path":"/home/yogaadhi/GlintsXBinar/glintsxbinar/Week 6/Day 30/controllers/authController.js","statementMap":{"0":{"start":{"line":1,"column":12},"end":{"line":1,"column":35}},"1":{"start":{"line":5,"column":4},"end":{"line":28,"column":5}},"2":{"start":{"line":8,"column":19},"end":{"line":12,"column":7}},"3":{"start":{"line":16,"column":20},"end":{"line":16,"column":58}},"4":{"start":{"line":18,"column":6},"end":{"line":21,"column":9}},"5":{"start":{"line":24,"column":6},"end":{"line":27,"column":9}},"6":{"start":{"line":32,"column":0},"end":{"line":32,"column":38}}},"fnMap":{"0":{"name":"(anonymous_0)","decl":{"start":{"line":4,"column":2},"end":{"line":4,"column":3}},"loc":{"start":{"line":4,"column":27},"end":{"line":29,"column":3}},"line":4}},"branchMap":{},"s":{"0":1,"1":1,"2":1,"3":1,"4":1,"5":0,"6":1},"f":{"0":1},"b":{},"_coverageSchema":"1a1c01bbd47fc00a2c39e90264f33305004495a9","hash":"93662330b07fa43487db86a74f8343ad2a160aec"}
,"/home/yogaadhi/GlintsXBinar/glintsxbinar/Week 6/Day 30/controllers/barangController.js": {"path":"/home/yogaadhi/GlintsXBinar/glintsxbinar/Week 6/Day 30/controllers/barangController.js","statementMap":{"0":{"start":{"line":1,"column":15},"end":{"line":1,"column":32}},"1":{"start":{"line":2,"column":13},"end":{"line":2,"column":28}},"2":{"start":{"line":3,"column":50},"end":{"line":3,"column":70}},"3":{"start":{"line":7,"column":4},"end":{"line":27,"column":5}},"4":{"start":{"line":8,"column":17},"end":{"line":8,"column":36}},"5":{"start":{"line":11,"column":6},"end":{"line":15,"column":7}},"6":{"start":{"line":12,"column":8},"end":{"line":14,"column":11}},"7":{"start":{"line":18,"column":6},"end":{"line":21,"column":9}},"8":{"start":{"line":23,"column":6},"end":{"line":26,"column":9}},"9":{"start":{"line":31,"column":4},"end":{"line":49,"column":5}},"10":{"start":{"line":32,"column":17},"end":{"line":32,"column":61}},"11":{"start":{"line":35,"column":6},"end":{"line":39,"column":7}},"12":{"start":{"line":36,"column":8},"end":{"line":38,"column":11}},"13":{"start":{"line":40,"column":6},"end":{"line":43,"column":9}},"14":{"start":{"line":45,"column":6},"end":{"line":48,"column":9}},"15":{"start":{"line":53,"column":4},"end":{"line":77,"column":5}},"16":{"start":{"line":55,"column":17},"end":{"line":63,"column":7}},"17":{"start":{"line":68,"column":6},"end":{"line":71,"column":9}},"18":{"start":{"line":73,"column":6},"end":{"line":76,"column":9}},"19":{"start":{"line":82,"column":4},"end":{"line":94,"column":5}},"20":{"start":{"line":84,"column":6},"end":{"line":84,"column":50}},"21":{"start":{"line":86,"column":6},"end":{"line":88,"column":9}},"22":{"start":{"line":90,"column":6},"end":{"line":93,"column":9}},"23":{"start":{"line":98,"column":4},"end":{"line":156,"column":5}},"24":{"start":{"line":100,"column":6},"end":{"line":135,"column":7}},"25":{"start":{"line":101,"column":21},"end":{"line":101,"column":36}},"26":{"start":{"line":104,"column":8},"end":{"line":106,"column":9}},"27":{"start":{"line":105,"column":10},"end":{"line":105,"column":76}},"28":{"start":{"line":109,"column":8},"end":{"line":113,"column":9}},"29":{"start":{"line":110,"column":10},"end":{"line":112,"column":62}},"30":{"start":{"line":116,"column":23},"end":{"line":116,"column":61}},"31":{"start":{"line":119,"column":8},"end":{"line":119,"column":62}},"32":{"start":{"line":122,"column":8},"end":{"line":122,"column":35}},"33":{"start":{"line":125,"column":8},"end":{"line":134,"column":11}},"34":{"start":{"line":126,"column":10},"end":{"line":133,"column":11}},"35":{"start":{"line":127,"column":12},"end":{"line":127,"column":31}},"36":{"start":{"line":129,"column":12},"end":{"line":132,"column":15}},"37":{"start":{"line":138,"column":24},"end":{"line":138,"column":53}},"38":{"start":{"line":141,"column":17},"end":{"line":143,"column":28}},"39":{"start":{"line":146,"column":6},"end":{"line":149,"column":9}},"40":{"start":{"line":151,"column":6},"end":{"line":151,"column":23}},"41":{"start":{"line":152,"column":6},"end":{"line":155,"column":9}},"42":{"start":{"line":160,"column":0},"end":{"line":160,"column":40}}},"fnMap":{"0":{"name":"(anonymous_0)","decl":{"start":{"line":6,"column":2},"end":{"line":6,"column":3}},"loc":{"start":{"line":6,"column":25},"end":{"line":28,"column":3}},"line":6},"1":{"name":"(anonymous_1)","decl":{"start":{"line":30,"column":2},"end":{"line":30,"column":3}},"loc":{"start":{"line":30,"column":25},"end":{"line":50,"column":3}},"line":30},"2":{"name":"(anonymous_2)","decl":{"start":{"line":52,"column":2},"end":{"line":52,"column":3}},"loc":{"start":{"line":52,"column":25},"end":{"line":78,"column":3}},"line":52},"3":{"name":"(anonymous_3)","decl":{"start":{"line":81,"column":2},"end":{"line":81,"column":3}},"loc":{"start":{"line":81,"column":25},"end":{"line":95,"column":3}},"line":81},"4":{"name":"(anonymous_4)","decl":{"start":{"line":97,"column":2},"end":{"line":97,"column":3}},"loc":{"start":{"line":97,"column":25},"end":{"line":157,"column":3}},"line":97},"5":{"name":"(anonymous_5)","decl":{"start":{"line":125,"column":48},"end":{"line":125,"column":49}},"loc":{"start":{"line":125,"column":63},"end":{"line":134,"column":9}},"line":125}},"branchMap":{"0":{"loc":{"start":{"line":11,"column":6},"end":{"line":15,"column":7}},"type":"if","locations":[{"start":{"line":11,"column":6},"end":{"line":15,"column":7}},{"start":{"line":11,"column":6},"end":{"line":15,"column":7}}],"line":11},"1":{"loc":{"start":{"line":35,"column":6},"end":{"line":39,"column":7}},"type":"if","locations":[{"start":{"line":35,"column":6},"end":{"line":39,"column":7}},{"start":{"line":35,"column":6},"end":{"line":39,"column":7}}],"line":35},"2":{"loc":{"start":{"line":100,"column":6},"end":{"line":135,"column":7}},"type":"if","locations":[{"start":{"line":100,"column":6},"end":{"line":135,"column":7}},{"start":{"line":100,"column":6},"end":{"line":135,"column":7}}],"line":100},"3":{"loc":{"start":{"line":104,"column":8},"end":{"line":106,"column":9}},"type":"if","locations":[{"start":{"line":104,"column":8},"end":{"line":106,"column":9}},{"start":{"line":104,"column":8},"end":{"line":106,"column":9}}],"line":104},"4":{"loc":{"start":{"line":109,"column":8},"end":{"line":113,"column":9}},"type":"if","locations":[{"start":{"line":109,"column":8},"end":{"line":113,"column":9}},{"start":{"line":109,"column":8},"end":{"line":113,"column":9}}],"line":109},"5":{"loc":{"start":{"line":126,"column":10},"end":{"line":133,"column":11}},"type":"if","locations":[{"start":{"line":126,"column":10},"end":{"line":133,"column":11}},{"start":{"line":126,"column":10},"end":{"line":133,"column":11}}],"line":126}},"s":{"0":1,"1":1,"2":1,"3":0,"4":0,"5":0,"6":0,"7":0,"8":0,"9":0,"10":0,"11":0,"12":0,"13":0,"14":0,"15":0,"16":0,"17":0,"18":0,"19":0,"20":0,"21":0,"22":0,"23":0,"24":0,"25":0,"26":0,"27":0,"28":0,"29":0,"30":0,"31":0,"32":0,"33":0,"34":0,"35":0,"36":0,"37":0,"38":0,"39":0,"40":0,"41":0,"42":1},"f":{"0":0,"1":0,"2":0,"3":0,"4":0,"5":0},"b":{"0":[0,0],"1":[0,0],"2":[0,0],"3":[0,0],"4":[0,0],"5":[0,0]},"_coverageSchema":"1a1c01bbd47fc00a2c39e90264f33305004495a9","hash":"aab477c00e5777382d074d17bbfb7c01ff462a03"}
,"/home/yogaadhi/GlintsXBinar/glintsxbinar/Week 6/Day 30/controllers/transaksiController.js": {"path":"/home/yogaadhi/GlintsXBinar/glintsxbinar/Week 6/Day 30/controllers/transaksiController.js","statementMap":{"0":{"start":{"line":1,"column":10},"end":{"line":1,"column":28}},"1":{"start":{"line":3,"column":50},"end":{"line":3,"column":70}},"2":{"start":{"line":9,"column":4},"end":{"line":30,"column":5}},"3":{"start":{"line":10,"column":17},"end":{"line":10,"column":39}},"4":{"start":{"line":13,"column":6},"end":{"line":17,"column":7}},"5":{"start":{"line":14,"column":8},"end":{"line":16,"column":11}},"6":{"start":{"line":20,"column":6},"end":{"line":23,"column":9}},"7":{"start":{"line":25,"column":6},"end":{"line":25,"column":21}},"8":{"start":{"line":26,"column":6},"end":{"line":29,"column":9}},"9":{"start":{"line":35,"column":4},"end":{"line":53,"column":5}},"10":{"start":{"line":36,"column":17},"end":{"line":36,"column":64}},"11":{"start":{"line":39,"column":6},"end":{"line":43,"column":7}},"12":{"start":{"line":40,"column":8},"end":{"line":42,"column":11}},"13":{"start":{"line":44,"column":6},"end":{"line":47,"column":9}},"14":{"start":{"line":49,"column":6},"end":{"line":52,"column":9}},"15":{"start":{"line":93,"column":4},"end":{"line":115,"column":5}},"16":{"start":{"line":95,"column":17},"end":{"line":95,"column":49}},"17":{"start":{"line":106,"column":6},"end":{"line":109,"column":9}},"18":{"start":{"line":111,"column":6},"end":{"line":114,"column":9}},"19":{"start":{"line":120,"column":4},"end":{"line":144,"column":5}},"20":{"start":{"line":122,"column":17},"end":{"line":130,"column":7}},"21":{"start":{"line":135,"column":6},"end":{"line":138,"column":9}},"22":{"start":{"line":140,"column":6},"end":{"line":143,"column":9}},"23":{"start":{"line":149,"column":4},"end":{"line":161,"column":5}},"24":{"start":{"line":151,"column":6},"end":{"line":151,"column":53}},"25":{"start":{"line":153,"column":6},"end":{"line":155,"column":9}},"26":{"start":{"line":157,"column":6},"end":{"line":160,"column":9}},"27":{"start":{"line":165,"column":0},"end":{"line":165,"column":43}}},"fnMap":{"0":{"name":"(anonymous_0)","decl":{"start":{"line":8,"column":2},"end":{"line":8,"column":3}},"loc":{"start":{"line":8,"column":25},"end":{"line":31,"column":3}},"line":8},"1":{"name":"(anonymous_1)","decl":{"start":{"line":34,"column":2},"end":{"line":34,"column":3}},"loc":{"start":{"line":34,"column":25},"end":{"line":54,"column":3}},"line":34},"2":{"name":"(anonymous_2)","decl":{"start":{"line":92,"column":2},"end":{"line":92,"column":3}},"loc":{"start":{"line":92,"column":25},"end":{"line":116,"column":3}},"line":92},"3":{"name":"(anonymous_3)","decl":{"start":{"line":119,"column":2},"end":{"line":119,"column":3}},"loc":{"start":{"line":119,"column":25},"end":{"line":145,"column":3}},"line":119},"4":{"name":"(anonymous_4)","decl":{"start":{"line":148,"column":2},"end":{"line":148,"column":3}},"loc":{"start":{"line":148,"column":25},"end":{"line":162,"column":3}},"line":148}},"branchMap":{"0":{"loc":{"start":{"line":13,"column":6},"end":{"line":17,"column":7}},"type":"if","locations":[{"start":{"line":13,"column":6},"end":{"line":17,"column":7}},{"start":{"line":13,"column":6},"end":{"line":17,"column":7}}],"line":13},"1":{"loc":{"start":{"line":39,"column":6},"end":{"line":43,"column":7}},"type":"if","locations":[{"start":{"line":39,"column":6},"end":{"line":43,"column":7}},{"start":{"line":39,"column":6},"end":{"line":43,"column":7}}],"line":39}},"s":{"0":1,"1":1,"2":0,"3":0,"4":0,"5":0,"6":0,"7":0,"8":0,"9":0,"10":0,"11":0,"12":0,"13":0,"14":0,"15":0,"16":0,"17":0,"18":0,"19":0,"20":0,"21":0,"22":0,"23":0,"24":0,"25":0,"26":0,"27":1},"f":{"0":0,"1":0,"2":0,"3":0,"4":0},"b":{"0":[0,0],"1":[0,0]},"_coverageSchema":"1a1c01bbd47fc00a2c39e90264f33305004495a9","hash":"7f902cbf22c02d6e1015d490d62d78a80aba8090"}
,"/home/yogaadhi/GlintsXBinar/glintsxbinar/Week 6/Day 30/middlewares/auth/index.js": {"path":"/home/yogaadhi/GlintsXBinar/glintsxbinar/Week 6/Day 30/middlewares/auth/index.js","statementMap":{"0":{"start":{"line":1,"column":17},"end":{"line":1,"column":36}},"1":{"start":{"line":2,"column":22},"end":{"line":2,"column":56}},"2":{"start":{"line":3,"column":17},"end":{"line":3,"column":40}},"3":{"start":{"line":4,"column":15},"end":{"line":4,"column":32}},"4":{"start":{"line":5,"column":20},"end":{"line":5,"column":52}},"5":{"start":{"line":6,"column":19},"end":{"line":6,"column":53}},"6":{"start":{"line":9,"column":0},"end":{"line":38,"column":2}},"7":{"start":{"line":11,"column":2},"end":{"line":37,"column":21}},"8":{"start":{"line":18,"column":4},"end":{"line":23,"column":5}},"9":{"start":{"line":19,"column":6},"end":{"line":22,"column":9}},"10":{"start":{"line":26,"column":4},"end":{"line":30,"column":5}},"11":{"start":{"line":27,"column":6},"end":{"line":29,"column":9}},"12":{"start":{"line":33,"column":4},"end":{"line":33,"column":20}},"13":{"start":{"line":36,"column":4},"end":{"line":36,"column":11}},"14":{"start":{"line":40,"column":0},"end":{"line":73,"column":2}},"15":{"start":{"line":49,"column":6},"end":{"line":70,"column":7}},"16":{"start":{"line":52,"column":25},"end":{"line":52,"column":52}},"17":{"start":{"line":59,"column":8},"end":{"line":61,"column":11}},"18":{"start":{"line":67,"column":8},"end":{"line":69,"column":11}},"19":{"start":{"line":75,"column":0},"end":{"line":104,"column":2}},"20":{"start":{"line":77,"column":2},"end":{"line":103,"column":21}},"21":{"start":{"line":84,"column":4},"end":{"line":89,"column":5}},"22":{"start":{"line":85,"column":6},"end":{"line":88,"column":9}},"23":{"start":{"line":92,"column":4},"end":{"line":96,"column":5}},"24":{"start":{"line":93,"column":6},"end":{"line":95,"column":9}},"25":{"start":{"line":99,"column":4},"end":{"line":99,"column":20}},"26":{"start":{"line":102,"column":4},"end":{"line":102,"column":11}},"27":{"start":{"line":106,"column":0},"end":{"line":157,"column":2}},"28":{"start":{"line":115,"column":6},"end":{"line":154,"column":7}},"29":{"start":{"line":118,"column":25},"end":{"line":118,"column":54}},"30":{"start":{"line":124,"column":8},"end":{"line":128,"column":9}},"31":{"start":{"line":125,"column":10},"end":{"line":127,"column":13}},"32":{"start":{"line":131,"column":23},"end":{"line":131,"column":74}},"33":{"start":{"line":136,"column":8},"end":{"line":140,"column":9}},"34":{"start":{"line":137,"column":10},"end":{"line":139,"column":13}},"35":{"start":{"line":142,"column":8},"end":{"line":144,"column":11}},"36":{"start":{"line":151,"column":8},"end":{"line":153,"column":11}},"37":{"start":{"line":159,"column":0},"end":{"line":188,"column":2}},"38":{"start":{"line":161,"column":2},"end":{"line":187,"column":21}},"39":{"start":{"line":168,"column":4},"end":{"line":173,"column":5}},"40":{"start":{"line":169,"column":6},"end":{"line":172,"column":9}},"41":{"start":{"line":176,"column":4},"end":{"line":180,"column":5}},"42":{"start":{"line":177,"column":6},"end":{"line":179,"column":9}},"43":{"start":{"line":183,"column":4},"end":{"line":183,"column":20}},"44":{"start":{"line":186,"column":4},"end":{"line":186,"column":11}},"45":{"start":{"line":190,"column":0},"end":{"line":222,"column":2}},"46":{"start":{"line":202,"column":6},"end":{"line":219,"column":7}},"47":{"start":{"line":203,"column":8},"end":{"line":203,"column":27}},"48":{"start":{"line":204,"column":26},"end":{"line":204,"column":63}},"49":{"start":{"line":206,"column":8},"end":{"line":208,"column":9}},"50":{"start":{"line":207,"column":10},"end":{"line":207,"column":35}},"51":{"start":{"line":210,"column":8},"end":{"line":212,"column":10}},"52":{"start":{"line":216,"column":8},"end":{"line":218,"column":11}},"53":{"start":{"line":224,"column":0},"end":{"line":253,"column":2}},"54":{"start":{"line":226,"column":2},"end":{"line":252,"column":21}},"55":{"start":{"line":233,"column":4},"end":{"line":238,"column":5}},"56":{"start":{"line":234,"column":6},"end":{"line":237,"column":9}},"57":{"start":{"line":241,"column":4},"end":{"line":245,"column":5}},"58":{"start":{"line":242,"column":6},"end":{"line":244,"column":9}},"59":{"start":{"line":248,"column":4},"end":{"line":248,"column":20}},"60":{"start":{"line":251,"column":4},"end":{"line":251,"column":11}},"61":{"start":{"line":255,"column":0},"end":{"line":287,"column":2}},"62":{"start":{"line":267,"column":6},"end":{"line":284,"column":7}},"63":{"start":{"line":268,"column":8},"end":{"line":268,"column":27}},"64":{"start":{"line":269,"column":26},"end":{"line":269,"column":63}},"65":{"start":{"line":271,"column":8},"end":{"line":273,"column":9}},"66":{"start":{"line":272,"column":10},"end":{"line":272,"column":35}},"67":{"start":{"line":275,"column":8},"end":{"line":277,"column":10}},"68":{"start":{"line":281,"column":8},"end":{"line":283,"column":11}}},"fnMap":{"0":{"name":"(anonymous_0)","decl":{"start":{"line":9,"column":17},"end":{"line":9,"column":18}},"loc":{"start":{"line":9,"column":37},"end":{"line":38,"column":1}},"line":9},"1":{"name":"(anonymous_1)","decl":{"start":{"line":11,"column":54},"end":{"line":11,"column":55}},"loc":{"start":{"line":11,"column":75},"end":{"line":37,"column":3}},"line":11},"2":{"name":"(anonymous_2)","decl":{"start":{"line":48,"column":4},"end":{"line":48,"column":5}},"loc":{"start":{"line":48,"column":42},"end":{"line":71,"column":5}},"line":48},"3":{"name":"(anonymous_3)","decl":{"start":{"line":75,"column":17},"end":{"line":75,"column":18}},"loc":{"start":{"line":75,"column":37},"end":{"line":104,"column":1}},"line":75},"4":{"name":"(anonymous_4)","decl":{"start":{"line":77,"column":54},"end":{"line":77,"column":55}},"loc":{"start":{"line":77,"column":75},"end":{"line":103,"column":3}},"line":77},"5":{"name":"(anonymous_5)","decl":{"start":{"line":114,"column":4},"end":{"line":114,"column":5}},"loc":{"start":{"line":114,"column":42},"end":{"line":155,"column":5}},"line":114},"6":{"name":"(anonymous_6)","decl":{"start":{"line":159,"column":16},"end":{"line":159,"column":17}},"loc":{"start":{"line":159,"column":36},"end":{"line":188,"column":1}},"line":159},"7":{"name":"(anonymous_7)","decl":{"start":{"line":161,"column":30},"end":{"line":161,"column":31}},"loc":{"start":{"line":161,"column":51},"end":{"line":187,"column":3}},"line":161},"8":{"name":"(anonymous_8)","decl":{"start":{"line":200,"column":4},"end":{"line":200,"column":5}},"loc":{"start":{"line":200,"column":27},"end":{"line":220,"column":5}},"line":200},"9":{"name":"(anonymous_9)","decl":{"start":{"line":224,"column":15},"end":{"line":224,"column":16}},"loc":{"start":{"line":224,"column":35},"end":{"line":253,"column":1}},"line":224},"10":{"name":"(anonymous_10)","decl":{"start":{"line":226,"column":29},"end":{"line":226,"column":30}},"loc":{"start":{"line":226,"column":50},"end":{"line":252,"column":3}},"line":226},"11":{"name":"(anonymous_11)","decl":{"start":{"line":265,"column":4},"end":{"line":265,"column":5}},"loc":{"start":{"line":265,"column":27},"end":{"line":285,"column":5}},"line":265}},"branchMap":{"0":{"loc":{"start":{"line":18,"column":4},"end":{"line":23,"column":5}},"type":"if","locations":[{"start":{"line":18,"column":4},"end":{"line":23,"column":5}},{"start":{"line":18,"column":4},"end":{"line":23,"column":5}}],"line":18},"1":{"loc":{"start":{"line":26,"column":4},"end":{"line":30,"column":5}},"type":"if","locations":[{"start":{"line":26,"column":4},"end":{"line":30,"column":5}},{"start":{"line":26,"column":4},"end":{"line":30,"column":5}}],"line":26},"2":{"loc":{"start":{"line":84,"column":4},"end":{"line":89,"column":5}},"type":"if","locations":[{"start":{"line":84,"column":4},"end":{"line":89,"column":5}},{"start":{"line":84,"column":4},"end":{"line":89,"column":5}}],"line":84},"3":{"loc":{"start":{"line":92,"column":4},"end":{"line":96,"column":5}},"type":"if","locations":[{"start":{"line":92,"column":4},"end":{"line":96,"column":5}},{"start":{"line":92,"column":4},"end":{"line":96,"column":5}}],"line":92},"4":{"loc":{"start":{"line":124,"column":8},"end":{"line":128,"column":9}},"type":"if","locations":[{"start":{"line":124,"column":8},"end":{"line":128,"column":9}},{"start":{"line":124,"column":8},"end":{"line":128,"column":9}}],"line":124},"5":{"loc":{"start":{"line":136,"column":8},"end":{"line":140,"column":9}},"type":"if","locations":[{"start":{"line":136,"column":8},"end":{"line":140,"column":9}},{"start":{"line":136,"column":8},"end":{"line":140,"column":9}}],"line":136},"6":{"loc":{"start":{"line":168,"column":4},"end":{"line":173,"column":5}},"type":"if","locations":[{"start":{"line":168,"column":4},"end":{"line":173,"column":5}},{"start":{"line":168,"column":4},"end":{"line":173,"column":5}}],"line":168},"7":{"loc":{"start":{"line":176,"column":4},"end":{"line":180,"column":5}},"type":"if","locations":[{"start":{"line":176,"column":4},"end":{"line":180,"column":5}},{"start":{"line":176,"column":4},"end":{"line":180,"column":5}}],"line":176},"8":{"loc":{"start":{"line":206,"column":8},"end":{"line":208,"column":9}},"type":"if","locations":[{"start":{"line":206,"column":8},"end":{"line":208,"column":9}},{"start":{"line":206,"column":8},"end":{"line":208,"column":9}}],"line":206},"9":{"loc":{"start":{"line":233,"column":4},"end":{"line":238,"column":5}},"type":"if","locations":[{"start":{"line":233,"column":4},"end":{"line":238,"column":5}},{"start":{"line":233,"column":4},"end":{"line":238,"column":5}}],"line":233},"10":{"loc":{"start":{"line":241,"column":4},"end":{"line":245,"column":5}},"type":"if","locations":[{"start":{"line":241,"column":4},"end":{"line":245,"column":5}},{"start":{"line":241,"column":4},"end":{"line":245,"column":5}}],"line":241},"11":{"loc":{"start":{"line":271,"column":8},"end":{"line":273,"column":9}},"type":"if","locations":[{"start":{"line":271,"column":8},"end":{"line":273,"column":9}},{"start":{"line":271,"column":8},"end":{"line":273,"column":9}}],"line":271}},"s":{"0":1,"1":1,"2":1,"3":1,"4":1,"5":1,"6":1,"7":2,"8":2,"9":0,"10":2,"11":1,"12":1,"13":1,"14":1,"15":2,"16":2,"17":1,"18":1,"19":1,"20":1,"21":1,"22":0,"23":1,"24":1,"25":0,"26":0,"27":1,"28":1,"29":1,"30":1,"31":1,"32":0,"33":0,"34":0,"35":0,"36":0,"37":1,"38":0,"39":0,"40":0,"41":0,"42":0,"43":0,"44":0,"45":1,"46":0,"47":0,"48":0,"49":0,"50":0,"51":0,"52":0,"53":1,"54":0,"55":0,"56":0,"57":0,"58":0,"59":0,"60":0,"61":1,"62":0,"63":0,"64":0,"65":0,"66":0,"67":0,"68":0},"f":{"0":2,"1":2,"2":2,"3":1,"4":1,"5":1,"6":0,"7":0,"8":0,"9":0,"10":0,"11":0},"b":{"0":[0,2],"1":[1,1],"2":[0,1],"3":[1,0],"4":[1,0],"5":[0,0],"6":[0,0],"7":[0,0],"8":[0,0],"9":[0,0],"10":[0,0],"11":[0,0]},"_coverageSchema":"1a1c01bbd47fc00a2c39e90264f33305004495a9","hash":"12ee866a999fcc9409675e0ab9f63f25c632e611"}
,"/home/yogaadhi/GlintsXBinar/glintsxbinar/Week 6/Day 30/middlewares/validators/authValidator.js": {"path":"/home/yogaadhi/GlintsXBinar/glintsxbinar/Week 6/Day 30/middlewares/validators/authValidator.js","statementMap":{"0":{"start":{"line":1,"column":18},"end":{"line":1,"column":38}},"1":{"start":{"line":3,"column":0},"end":{"line":30,"column":2}},"2":{"start":{"line":6,"column":15},"end":{"line":6,"column":17}},"3":{"start":{"line":7,"column":2},"end":{"line":9,"column":3}},"4":{"start":{"line":8,"column":4},"end":{"line":8,"column":45}},"5":{"start":{"line":11,"column":2},"end":{"line":15,"column":3}},"6":{"start":{"line":12,"column":4},"end":{"line":14,"column":6}},"7":{"start":{"line":18,"column":2},"end":{"line":20,"column":3}},"8":{"start":{"line":19,"column":4},"end":{"line":19,"column":66}},"9":{"start":{"line":23,"column":2},"end":{"line":27,"column":3}},"10":{"start":{"line":24,"column":4},"end":{"line":26,"column":7}},"11":{"start":{"line":29,"column":2},"end":{"line":29,"column":9}},"12":{"start":{"line":32,"column":0},"end":{"line":50,"column":2}},"13":{"start":{"line":33,"column":15},"end":{"line":33,"column":17}},"14":{"start":{"line":34,"column":2},"end":{"line":36,"column":3}},"15":{"start":{"line":35,"column":4},"end":{"line":35,"column":45}},"16":{"start":{"line":38,"column":2},"end":{"line":42,"column":3}},"17":{"start":{"line":39,"column":4},"end":{"line":41,"column":6}},"18":{"start":{"line":43,"column":2},"end":{"line":47,"column":3}},"19":{"start":{"line":44,"column":4},"end":{"line":46,"column":7}},"20":{"start":{"line":49,"column":2},"end":{"line":49,"column":9}}},"fnMap":{"0":{"name":"(anonymous_0)","decl":{"start":{"line":3,"column":17},"end":{"line":3,"column":18}},"loc":{"start":{"line":3,"column":43},"end":{"line":30,"column":1}},"line":3},"1":{"name":"(anonymous_1)","decl":{"start":{"line":32,"column":17},"end":{"line":32,"column":18}},"loc":{"start":{"line":32,"column":43},"end":{"line":50,"column":1}},"line":32}},"branchMap":{"0":{"loc":{"start":{"line":7,"column":2},"end":{"line":9,"column":3}},"type":"if","locations":[{"start":{"line":7,"column":2},"end":{"line":9,"column":3}},{"start":{"line":7,"column":2},"end":{"line":9,"column":3}}],"line":7},"1":{"loc":{"start":{"line":11,"column":2},"end":{"line":15,"column":3}},"type":"if","locations":[{"start":{"line":11,"column":2},"end":{"line":15,"column":3}},{"start":{"line":11,"column":2},"end":{"line":15,"column":3}}],"line":11},"2":{"loc":{"start":{"line":18,"column":2},"end":{"line":20,"column":3}},"type":"if","locations":[{"start":{"line":18,"column":2},"end":{"line":20,"column":3}},{"start":{"line":18,"column":2},"end":{"line":20,"column":3}}],"line":18},"3":{"loc":{"start":{"line":23,"column":2},"end":{"line":27,"column":3}},"type":"if","locations":[{"start":{"line":23,"column":2},"end":{"line":27,"column":3}},{"start":{"line":23,"column":2},"end":{"line":27,"column":3}}],"line":23},"4":{"loc":{"start":{"line":34,"column":2},"end":{"line":36,"column":3}},"type":"if","locations":[{"start":{"line":34,"column":2},"end":{"line":36,"column":3}},{"start":{"line":34,"column":2},"end":{"line":36,"column":3}}],"line":34},"5":{"loc":{"start":{"line":38,"column":2},"end":{"line":42,"column":3}},"type":"if","locations":[{"start":{"line":38,"column":2},"end":{"line":42,"column":3}},{"start":{"line":38,"column":2},"end":{"line":42,"column":3}}],"line":38},"6":{"loc":{"start":{"line":43,"column":2},"end":{"line":47,"column":3}},"type":"if","locations":[{"start":{"line":43,"column":2},"end":{"line":47,"column":3}},{"start":{"line":43,"column":2},"end":{"line":47,"column":3}}],"line":43}},"s":{"0":1,"1":1,"2":2,"3":2,"4":0,"5":2,"6":0,"7":2,"8":0,"9":2,"10":0,"11":2,"12":1,"13":1,"14":1,"15":0,"16":1,"17":0,"18":1,"19":0,"20":1},"f":{"0":2,"1":1},"b":{"0":[0,2],"1":[0,2],"2":[0,2],"3":[0,2],"4":[0,1],"5":[0,1],"6":[0,1]},"_coverageSchema":"1a1c01bbd47fc00a2c39e90264f33305004495a9","hash":"c14b749264d9961df57ce1536243651f411228cd"}
,"/home/yogaadhi/GlintsXBinar/glintsxbinar/Week 6/Day 30/middlewares/validators/barangValidator.js": {"path":"/home/yogaadhi/GlintsXBinar/glintsxbinar/Week 6/Day 30/middlewares/validators/barangValidator.js","statementMap":{"0":{"start":{"line":1,"column":15},"end":{"line":1,"column":32}},"1":{"start":{"line":2,"column":17},"end":{"line":2,"column":36}},"2":{"start":{"line":3,"column":18},"end":{"line":3,"column":38}},"3":{"start":{"line":4,"column":50},"end":{"line":4,"column":73}},"4":{"start":{"line":5,"column":13},"end":{"line":5,"column":28}},"5":{"start":{"line":7,"column":0},"end":{"line":93,"column":2}},"6":{"start":{"line":9,"column":15},"end":{"line":9,"column":17}},"7":{"start":{"line":12,"column":2},"end":{"line":16,"column":3}},"8":{"start":{"line":13,"column":4},"end":{"line":15,"column":6}},"9":{"start":{"line":19,"column":2},"end":{"line":23,"column":3}},"10":{"start":{"line":20,"column":4},"end":{"line":22,"column":7}},"11":{"start":{"line":25,"column":17},"end":{"line":28,"column":4}},"12":{"start":{"line":31,"column":2},"end":{"line":33,"column":3}},"13":{"start":{"line":32,"column":4},"end":{"line":32,"column":38}},"14":{"start":{"line":36,"column":2},"end":{"line":38,"column":3}},"15":{"start":{"line":37,"column":4},"end":{"line":37,"column":37}},"16":{"start":{"line":41,"column":2},"end":{"line":43,"column":3}},"17":{"start":{"line":42,"column":4},"end":{"line":42,"column":42}},"18":{"start":{"line":46,"column":2},"end":{"line":51,"column":3}},"19":{"start":{"line":48,"column":4},"end":{"line":50,"column":7}},"20":{"start":{"line":54,"column":2},"end":{"line":87,"column":3}},"21":{"start":{"line":55,"column":17},"end":{"line":55,"column":32}},"22":{"start":{"line":58,"column":4},"end":{"line":60,"column":5}},"23":{"start":{"line":59,"column":6},"end":{"line":59,"column":43}},"24":{"start":{"line":63,"column":4},"end":{"line":65,"column":5}},"25":{"start":{"line":64,"column":6},"end":{"line":64,"column":49}},"26":{"start":{"line":68,"column":19},"end":{"line":68,"column":57}},"27":{"start":{"line":71,"column":4},"end":{"line":71,"column":58}},"28":{"start":{"line":74,"column":4},"end":{"line":74,"column":31}},"29":{"start":{"line":77,"column":4},"end":{"line":86,"column":7}},"30":{"start":{"line":78,"column":6},"end":{"line":85,"column":7}},"31":{"start":{"line":79,"column":8},"end":{"line":79,"column":27}},"32":{"start":{"line":81,"column":8},"end":{"line":84,"column":11}},"33":{"start":{"line":89,"column":2},"end":{"line":89,"column":41}},"34":{"start":{"line":92,"column":2},"end":{"line":92,"column":9}},"35":{"start":{"line":96,"column":0},"end":{"line":103,"column":4}},"36":{"start":{"line":97,"column":4},"end":{"line":101,"column":5}},"37":{"start":{"line":98,"column":6},"end":{"line":100,"column":9}},"38":{"start":{"line":102,"column":4},"end":{"line":102,"column":11}},"39":{"start":{"line":105,"column":2},"end":{"line":143,"column":4}},"40":{"start":{"line":106,"column":17},"end":{"line":106,"column":19}},"41":{"start":{"line":110,"column":4},"end":{"line":112,"column":5}},"42":{"start":{"line":111,"column":6},"end":{"line":111,"column":77}},"43":{"start":{"line":121,"column":4},"end":{"line":125,"column":5}},"44":{"start":{"line":122,"column":6},"end":{"line":124,"column":9}},"45":{"start":{"line":128,"column":19},"end":{"line":130,"column":6}},"46":{"start":{"line":133,"column":4},"end":{"line":135,"column":5}},"47":{"start":{"line":134,"column":6},"end":{"line":134,"column":39}},"48":{"start":{"line":138,"column":4},"end":{"line":140,"column":5}},"49":{"start":{"line":139,"column":6},"end":{"line":139,"column":44}},"50":{"start":{"line":142,"column":4},"end":{"line":142,"column":11}},"51":{"start":{"line":145,"column":2},"end":{"line":176,"column":4}},"52":{"start":{"line":146,"column":17},"end":{"line":146,"column":19}},"53":{"start":{"line":149,"column":4},"end":{"line":151,"column":5}},"54":{"start":{"line":150,"column":6},"end":{"line":150,"column":77}},"55":{"start":{"line":154,"column":4},"end":{"line":158,"column":5}},"56":{"start":{"line":155,"column":6},"end":{"line":157,"column":9}},"57":{"start":{"line":161,"column":15},"end":{"line":161,"column":59}},"58":{"start":{"line":164,"column":4},"end":{"line":166,"column":5}},"59":{"start":{"line":165,"column":6},"end":{"line":165,"column":38}},"60":{"start":{"line":169,"column":4},"end":{"line":173,"column":5}},"61":{"start":{"line":170,"column":6},"end":{"line":172,"column":9}},"62":{"start":{"line":175,"column":4},"end":{"line":175,"column":11}}},"fnMap":{"0":{"name":"(anonymous_0)","decl":{"start":{"line":7,"column":17},"end":{"line":7,"column":18}},"loc":{"start":{"line":7,"column":43},"end":{"line":93,"column":1}},"line":7},"1":{"name":"(anonymous_1)","decl":{"start":{"line":77,"column":44},"end":{"line":77,"column":45}},"loc":{"start":{"line":77,"column":59},"end":{"line":86,"column":5}},"line":77},"2":{"name":"(anonymous_2)","decl":{"start":{"line":96,"column":17},"end":{"line":96,"column":18}},"loc":{"start":{"line":96,"column":37},"end":{"line":103,"column":3}},"line":96},"3":{"name":"(anonymous_3)","decl":{"start":{"line":105,"column":19},"end":{"line":105,"column":20}},"loc":{"start":{"line":105,"column":45},"end":{"line":143,"column":3}},"line":105},"4":{"name":"(anonymous_4)","decl":{"start":{"line":145,"column":19},"end":{"line":145,"column":20}},"loc":{"start":{"line":145,"column":45},"end":{"line":176,"column":3}},"line":145}},"branchMap":{"0":{"loc":{"start":{"line":12,"column":2},"end":{"line":16,"column":3}},"type":"if","locations":[{"start":{"line":12,"column":2},"end":{"line":16,"column":3}},{"start":{"line":12,"column":2},"end":{"line":16,"column":3}}],"line":12},"1":{"loc":{"start":{"line":19,"column":2},"end":{"line":23,"column":3}},"type":"if","locations":[{"start":{"line":19,"column":2},"end":{"line":23,"column":3}},{"start":{"line":19,"column":2},"end":{"line":23,"column":3}}],"line":19},"2":{"loc":{"start":{"line":31,"column":2},"end":{"line":33,"column":3}},"type":"if","locations":[{"start":{"line":31,"column":2},"end":{"line":33,"column":3}},{"start":{"line":31,"column":2},"end":{"line":33,"column":3}}],"line":31},"3":{"loc":{"start":{"line":36,"column":2},"end":{"line":38,"column":3}},"type":"if","locations":[{"start":{"line":36,"column":2},"end":{"line":38,"column":3}},{"start":{"line":36,"column":2},"end":{"line":38,"column":3}}],"line":36},"4":{"loc":{"start":{"line":41,"column":2},"end":{"line":43,"column":3}},"type":"if","locations":[{"start":{"line":41,"column":2},"end":{"line":43,"column":3}},{"start":{"line":41,"column":2},"end":{"line":43,"column":3}}],"line":41},"5":{"loc":{"start":{"line":46,"column":2},"end":{"line":51,"column":3}},"type":"if","locations":[{"start":{"line":46,"column":2},"end":{"line":51,"column":3}},{"start":{"line":46,"column":2},"end":{"line":51,"column":3}}],"line":46},"6":{"loc":{"start":{"line":54,"column":2},"end":{"line":87,"column":3}},"type":"if","locations":[{"start":{"line":54,"column":2},"end":{"line":87,"column":3}},{"start":{"line":54,"column":2},"end":{"line":87,"column":3}}],"line":54},"7":{"loc":{"start":{"line":58,"column":4},"end":{"line":60,"column":5}},"type":"if","locations":[{"start":{"line":58,"column":4},"end":{"line":60,"column":5}},{"start":{"line":58,"column":4},"end":{"line":60,"column":5}}],"line":58},"8":{"loc":{"start":{"line":63,"column":4},"end":{"line":65,"column":5}},"type":"if","locations":[{"start":{"line":63,"column":4},"end":{"line":65,"column":5}},{"start":{"line":63,"column":4},"end":{"line":65,"column":5}}],"line":63},"9":{"loc":{"start":{"line":78,"column":6},"end":{"line":85,"column":7}},"type":"if","locations":[{"start":{"line":78,"column":6},"end":{"line":85,"column":7}},{"start":{"line":78,"column":6},"end":{"line":85,"column":7}}],"line":78},"10":{"loc":{"start":{"line":97,"column":4},"end":{"line":101,"column":5}},"type":"if","locations":[{"start":{"line":97,"column":4},"end":{"line":101,"column":5}},{"start":{"line":97,"column":4},"end":{"line":101,"column":5}}],"line":97},"11":{"loc":{"start":{"line":110,"column":4},"end":{"line":112,"column":5}},"type":"if","locations":[{"start":{"line":110,"column":4},"end":{"line":112,"column":5}},{"start":{"line":110,"column":4},"end":{"line":112,"column":5}}],"line":110},"12":{"loc":{"start":{"line":121,"column":4},"end":{"line":125,"column":5}},"type":"if","locations":[{"start":{"line":121,"column":4},"end":{"line":125,"column":5}},{"start":{"line":121,"column":4},"end":{"line":125,"column":5}}],"line":121},"13":{"loc":{"start":{"line":133,"column":4},"end":{"line":135,"column":5}},"type":"if","locations":[{"start":{"line":133,"column":4},"end":{"line":135,"column":5}},{"start":{"line":133,"column":4},"end":{"line":135,"column":5}}],"line":133},"14":{"loc":{"start":{"line":138,"column":4},"end":{"line":140,"column":5}},"type":"if","locations":[{"start":{"line":138,"column":4},"end":{"line":140,"column":5}},{"start":{"line":138,"column":4},"end":{"line":140,"column":5}}],"line":138},"15":{"loc":{"start":{"line":149,"column":4},"end":{"line":151,"column":5}},"type":"if","locations":[{"start":{"line":149,"column":4},"end":{"line":151,"column":5}},{"start":{"line":149,"column":4},"end":{"line":151,"column":5}}],"line":149},"16":{"loc":{"start":{"line":154,"column":4},"end":{"line":158,"column":5}},"type":"if","locations":[{"start":{"line":154,"column":4},"end":{"line":158,"column":5}},{"start":{"line":154,"column":4},"end":{"line":158,"column":5}}],"line":154},"17":{"loc":{"start":{"line":164,"column":4},"end":{"line":166,"column":5}},"type":"if","locations":[{"start":{"line":164,"column":4},"end":{"line":166,"column":5}},{"start":{"line":164,"column":4},"end":{"line":166,"column":5}}],"line":164},"18":{"loc":{"start":{"line":169,"column":4},"end":{"line":173,"column":5}},"type":"if","locations":[{"start":{"line":169,"column":4},"end":{"line":173,"column":5}},{"start":{"line":169,"column":4},"end":{"line":173,"column":5}}],"line":169}},"s":{"0":1,"1":1,"2":1,"3":1,"4":1,"5":1,"6":0,"7":0,"8":0,"9":0,"10":0,"11":0,"12":0,"13":0,"14":0,"15":0,"16":0,"17":0,"18":0,"19":0,"20":0,"21":0,"22":0,"23":0,"24":0,"25":0,"26":0,"27":0,"28":0,"29":0,"30":0,"31":0,"32":0,"33":0,"34":0,"35":1,"36":0,"37":0,"38":0,"39":1,"40":0,"41":0,"42":0,"43":0,"44":0,"45":0,"46":0,"47":0,"48":0,"49":0,"50":0,"51":1,"52":0,"53":0,"54":0,"55":0,"56":0,"57":0,"58":0,"59":0,"60":0,"61":0,"62":0},"f":{"0":0,"1":0,"2":0,"3":0,"4":0},"b":{"0":[0,0],"1":[0,0],"2":[0,0],"3":[0,0],"4":[0,0],"5":[0,0],"6":[0,0],"7":[0,0],"8":[0,0],"9":[0,0],"10":[0,0],"11":[0,0],"12":[0,0],"13":[0,0],"14":[0,0],"15":[0,0],"16":[0,0],"17":[0,0],"18":[0,0]},"_coverageSchema":"1a1c01bbd47fc00a2c39e90264f33305004495a9","hash":"972292b9275e46e8b236cdf4ceee47f71c15df0b"}
,"/home/yogaadhi/GlintsXBinar/glintsxbinar/Week 6/Day 30/middlewares/validators/transaksiValidator.js": {"path":"/home/yogaadhi/GlintsXBinar/glintsxbinar/Week 6/Day 30/middlewares/validators/transaksiValidator.js","statementMap":{"0":{"start":{"line":2,"column":17},"end":{"line":2,"column":36}},"1":{"start":{"line":3,"column":18},"end":{"line":3,"column":38}},"2":{"start":{"line":4,"column":50},"end":{"line":4,"column":73}},"3":{"start":{"line":6,"column":0},"end":{"line":13,"column":2}},"4":{"start":{"line":7,"column":2},"end":{"line":11,"column":3}},"5":{"start":{"line":8,"column":4},"end":{"line":10,"column":7}},"6":{"start":{"line":12,"column":2},"end":{"line":12,"column":9}},"7":{"start":{"line":15,"column":0},"end":{"line":74,"column":2}},"8":{"start":{"line":16,"column":15},"end":{"line":16,"column":17}},"9":{"start":{"line":19,"column":2},"end":{"line":23,"column":3}},"10":{"start":{"line":20,"column":4},"end":{"line":22,"column":6}},"11":{"start":{"line":26,"column":2},"end":{"line":30,"column":3}},"12":{"start":{"line":27,"column":4},"end":{"line":29,"column":6}},"13":{"start":{"line":33,"column":2},"end":{"line":37,"column":3}},"14":{"start":{"line":34,"column":4},"end":{"line":36,"column":7}},"15":{"start":{"line":40,"column":17},"end":{"line":43,"column":4}},"16":{"start":{"line":46,"column":2},"end":{"line":48,"column":3}},"17":{"start":{"line":47,"column":4},"end":{"line":47,"column":36}},"18":{"start":{"line":51,"column":2},"end":{"line":53,"column":3}},"19":{"start":{"line":52,"column":4},"end":{"line":52,"column":39}},"20":{"start":{"line":56,"column":2},"end":{"line":58,"column":3}},"21":{"start":{"line":57,"column":4},"end":{"line":57,"column":43}},"22":{"start":{"line":61,"column":2},"end":{"line":65,"column":3}},"23":{"start":{"line":62,"column":4},"end":{"line":64,"column":7}},"24":{"start":{"line":68,"column":2},"end":{"line":68,"column":32}},"25":{"start":{"line":69,"column":2},"end":{"line":69,"column":35}},"26":{"start":{"line":70,"column":2},"end":{"line":70,"column":61}},"27":{"start":{"line":73,"column":2},"end":{"line":73,"column":9}},"28":{"start":{"line":77,"column":0},"end":{"line":138,"column":2}},"29":{"start":{"line":78,"column":15},"end":{"line":78,"column":17}},"30":{"start":{"line":82,"column":2},"end":{"line":84,"column":3}},"31":{"start":{"line":83,"column":4},"end":{"line":83,"column":78}},"32":{"start":{"line":87,"column":2},"end":{"line":89,"column":3}},"33":{"start":{"line":88,"column":4},"end":{"line":88,"column":74}},"34":{"start":{"line":93,"column":2},"end":{"line":97,"column":3}},"35":{"start":{"line":94,"column":4},"end":{"line":96,"column":7}},"36":{"start":{"line":100,"column":17},"end":{"line":104,"column":4}},"37":{"start":{"line":107,"column":2},"end":{"line":109,"column":3}},"38":{"start":{"line":108,"column":4},"end":{"line":108,"column":36}},"39":{"start":{"line":112,"column":2},"end":{"line":114,"column":3}},"40":{"start":{"line":113,"column":4},"end":{"line":113,"column":39}},"41":{"start":{"line":117,"column":2},"end":{"line":119,"column":3}},"42":{"start":{"line":118,"column":4},"end":{"line":118,"column":39}},"43":{"start":{"line":122,"column":2},"end":{"line":124,"column":3}},"44":{"start":{"line":123,"column":4},"end":{"line":123,"column":43}},"45":{"start":{"line":127,"column":2},"end":{"line":131,"column":3}},"46":{"start":{"line":128,"column":4},"end":{"line":130,"column":7}},"47":{"start":{"line":133,"column":2},"end":{"line":133,"column":32}},"48":{"start":{"line":134,"column":2},"end":{"line":134,"column":35}},"49":{"start":{"line":135,"column":2},"end":{"line":135,"column":61}},"50":{"start":{"line":137,"column":2},"end":{"line":137,"column":9}},"51":{"start":{"line":140,"column":0},"end":{"line":171,"column":2}},"52":{"start":{"line":141,"column":15},"end":{"line":141,"column":17}},"53":{"start":{"line":144,"column":2},"end":{"line":146,"column":3}},"54":{"start":{"line":145,"column":4},"end":{"line":145,"column":75}},"55":{"start":{"line":149,"column":2},"end":{"line":153,"column":3}},"56":{"start":{"line":150,"column":4},"end":{"line":152,"column":7}},"57":{"start":{"line":156,"column":13},"end":{"line":156,"column":60}},"58":{"start":{"line":159,"column":2},"end":{"line":161,"column":3}},"59":{"start":{"line":160,"column":4},"end":{"line":160,"column":39}},"60":{"start":{"line":164,"column":2},"end":{"line":168,"column":3}},"61":{"start":{"line":165,"column":4},"end":{"line":167,"column":7}},"62":{"start":{"line":170,"column":2},"end":{"line":170,"column":9}}},"fnMap":{"0":{"name":"(anonymous_0)","decl":{"start":{"line":6,"column":17},"end":{"line":6,"column":18}},"loc":{"start":{"line":6,"column":37},"end":{"line":13,"column":1}},"line":6},"1":{"name":"(anonymous_1)","decl":{"start":{"line":15,"column":17},"end":{"line":15,"column":18}},"loc":{"start":{"line":15,"column":43},"end":{"line":74,"column":1}},"line":15},"2":{"name":"(anonymous_2)","decl":{"start":{"line":77,"column":17},"end":{"line":77,"column":18}},"loc":{"start":{"line":77,"column":43},"end":{"line":138,"column":1}},"line":77},"3":{"name":"(anonymous_3)","decl":{"start":{"line":140,"column":17},"end":{"line":140,"column":18}},"loc":{"start":{"line":140,"column":43},"end":{"line":171,"column":1}},"line":140}},"branchMap":{"0":{"loc":{"start":{"line":7,"column":2},"end":{"line":11,"column":3}},"type":"if","locations":[{"start":{"line":7,"column":2},"end":{"line":11,"column":3}},{"start":{"line":7,"column":2},"end":{"line":11,"column":3}}],"line":7},"1":{"loc":{"start":{"line":19,"column":2},"end":{"line":23,"column":3}},"type":"if","locations":[{"start":{"line":19,"column":2},"end":{"line":23,"column":3}},{"start":{"line":19,"column":2},"end":{"line":23,"column":3}}],"line":19},"2":{"loc":{"start":{"line":26,"column":2},"end":{"line":30,"column":3}},"type":"if","locations":[{"start":{"line":26,"column":2},"end":{"line":30,"column":3}},{"start":{"line":26,"column":2},"end":{"line":30,"column":3}}],"line":26},"3":{"loc":{"start":{"line":33,"column":2},"end":{"line":37,"column":3}},"type":"if","locations":[{"start":{"line":33,"column":2},"end":{"line":37,"column":3}},{"start":{"line":33,"column":2},"end":{"line":37,"column":3}}],"line":33},"4":{"loc":{"start":{"line":46,"column":2},"end":{"line":48,"column":3}},"type":"if","locations":[{"start":{"line":46,"column":2},"end":{"line":48,"column":3}},{"start":{"line":46,"column":2},"end":{"line":48,"column":3}}],"line":46},"5":{"loc":{"start":{"line":51,"column":2},"end":{"line":53,"column":3}},"type":"if","locations":[{"start":{"line":51,"column":2},"end":{"line":53,"column":3}},{"start":{"line":51,"column":2},"end":{"line":53,"column":3}}],"line":51},"6":{"loc":{"start":{"line":56,"column":2},"end":{"line":58,"column":3}},"type":"if","locations":[{"start":{"line":56,"column":2},"end":{"line":58,"column":3}},{"start":{"line":56,"column":2},"end":{"line":58,"column":3}}],"line":56},"7":{"loc":{"start":{"line":61,"column":2},"end":{"line":65,"column":3}},"type":"if","locations":[{"start":{"line":61,"column":2},"end":{"line":65,"column":3}},{"start":{"line":61,"column":2},"end":{"line":65,"column":3}}],"line":61},"8":{"loc":{"start":{"line":82,"column":2},"end":{"line":84,"column":3}},"type":"if","locations":[{"start":{"line":82,"column":2},"end":{"line":84,"column":3}},{"start":{"line":82,"column":2},"end":{"line":84,"column":3}}],"line":82},"9":{"loc":{"start":{"line":87,"column":2},"end":{"line":89,"column":3}},"type":"if","locations":[{"start":{"line":87,"column":2},"end":{"line":89,"column":3}},{"start":{"line":87,"column":2},"end":{"line":89,"column":3}}],"line":87},"10":{"loc":{"start":{"line":93,"column":2},"end":{"line":97,"column":3}},"type":"if","locations":[{"start":{"line":93,"column":2},"end":{"line":97,"column":3}},{"start":{"line":93,"column":2},"end":{"line":97,"column":3}}],"line":93},"11":{"loc":{"start":{"line":107,"column":2},"end":{"line":109,"column":3}},"type":"if","locations":[{"start":{"line":107,"column":2},"end":{"line":109,"column":3}},{"start":{"line":107,"column":2},"end":{"line":109,"column":3}}],"line":107},"12":{"loc":{"start":{"line":112,"column":2},"end":{"line":114,"column":3}},"type":"if","locations":[{"start":{"line":112,"column":2},"end":{"line":114,"column":3}},{"start":{"line":112,"column":2},"end":{"line":114,"column":3}}],"line":112},"13":{"loc":{"start":{"line":117,"column":2},"end":{"line":119,"column":3}},"type":"if","locations":[{"start":{"line":117,"column":2},"end":{"line":119,"column":3}},{"start":{"line":117,"column":2},"end":{"line":119,"column":3}}],"line":117},"14":{"loc":{"start":{"line":122,"column":2},"end":{"line":124,"column":3}},"type":"if","locations":[{"start":{"line":122,"column":2},"end":{"line":124,"column":3}},{"start":{"line":122,"column":2},"end":{"line":124,"column":3}}],"line":122},"15":{"loc":{"start":{"line":127,"column":2},"end":{"line":131,"column":3}},"type":"if","locations":[{"start":{"line":127,"column":2},"end":{"line":131,"column":3}},{"start":{"line":127,"column":2},"end":{"line":131,"column":3}}],"line":127},"16":{"loc":{"start":{"line":144,"column":2},"end":{"line":146,"column":3}},"type":"if","locations":[{"start":{"line":144,"column":2},"end":{"line":146,"column":3}},{"start":{"line":144,"column":2},"end":{"line":146,"column":3}}],"line":144},"17":{"loc":{"start":{"line":149,"column":2},"end":{"line":153,"column":3}},"type":"if","locations":[{"start":{"line":149,"column":2},"end":{"line":153,"column":3}},{"start":{"line":149,"column":2},"end":{"line":153,"column":3}}],"line":149},"18":{"loc":{"start":{"line":159,"column":2},"end":{"line":161,"column":3}},"type":"if","locations":[{"start":{"line":159,"column":2},"end":{"line":161,"column":3}},{"start":{"line":159,"column":2},"end":{"line":161,"column":3}}],"line":159},"19":{"loc":{"start":{"line":164,"column":2},"end":{"line":168,"column":3}},"type":"if","locations":[{"start":{"line":164,"column":2},"end":{"line":168,"column":3}},{"start":{"line":164,"column":2},"end":{"line":168,"column":3}}],"line":164}},"s":{"0":1,"1":1,"2":1,"3":1,"4":0,"5":0,"6":0,"7":1,"8":0,"9":0,"10":0,"11":0,"12":0,"13":0,"14":0,"15":0,"16":0,"17":0,"18":0,"19":0,"20":0,"21":0,"22":0,"23":0,"24":0,"25":0,"26":0,"27":0,"28":1,"29":0,"30":0,"31":0,"32":0,"33":0,"34":0,"35":0,"36":0,"37":0,"38":0,"39":0,"40":0,"41":0,"42":0,"43":0,"44":0,"45":0,"46":0,"47":0,"48":0,"49":0,"50":0,"51":1,"52":0,"53":0,"54":0,"55":0,"56":0,"57":0,"58":0,"59":0,"60":0,"61":0,"62":0},"f":{"0":0,"1":0,"2":0,"3":0},"b":{"0":[0,0],"1":[0,0],"2":[0,0],"3":[0,0],"4":[0,0],"5":[0,0],"6":[0,0],"7":[0,0],"8":[0,0],"9":[0,0],"10":[0,0],"11":[0,0],"12":[0,0],"13":[0,0],"14":[0,0],"15":[0,0],"16":[0,0],"17":[0,0],"18":[0,0],"19":[0,0]},"_coverageSchema":"1a1c01bbd47fc00a2c39e90264f33305004495a9","hash":"282b47a9db6503d7f20ecb491bde61ff8df98e91"}
,"/home/yogaadhi/GlintsXBinar/glintsxbinar/Week 6/Day 30/models/barang.js": {"path":"/home/yogaadhi/GlintsXBinar/glintsxbinar/Week 6/Day 30/models/barang.js","statementMap":{"0":{"start":{"line":1,"column":17},"end":{"line":1,"column":36}},"1":{"start":{"line":2,"column":23},"end":{"line":2,"column":49}},"2":{"start":{"line":4,"column":21},"end":{"line":36,"column":1}},"3":{"start":{"line":40,"column":2},"end":{"line":40,"column":28}},"4":{"start":{"line":44,"column":0},"end":{"line":44,"column":64}},"5":{"start":{"line":46,"column":0},"end":{"line":46,"column":66}}},"fnMap":{"0":{"name":"getImage","decl":{"start":{"line":39,"column":9},"end":{"line":39,"column":17}},"loc":{"start":{"line":39,"column":25},"end":{"line":41,"column":1}},"line":39}},"branchMap":{},"s":{"0":1,"1":1,"2":1,"3":0,"4":1,"5":1},"f":{"0":0},"b":{},"_coverageSchema":"1a1c01bbd47fc00a2c39e90264f33305004495a9","hash":"1f12b5351fb79539c8bf347918d91ef3127c7849"}
,"/home/yogaadhi/GlintsXBinar/glintsxbinar/Week 6/Day 30/models/index.js": {"path":"/home/yogaadhi/GlintsXBinar/glintsxbinar/Week 6/Day 30/models/index.js","statementMap":{"0":{"start":{"line":1,"column":17},"end":{"line":1,"column":36}},"1":{"start":{"line":3,"column":12},"end":{"line":3,"column":33}},"2":{"start":{"line":7,"column":0},"end":{"line":15,"column":36}},"3":{"start":{"line":14,"column":14},"end":{"line":14,"column":56}},"4":{"start":{"line":15,"column":18},"end":{"line":15,"column":34}},"5":{"start":{"line":18,"column":15},"end":{"line":18,"column":34}},"6":{"start":{"line":19,"column":18},"end":{"line":19,"column":40}},"7":{"start":{"line":20,"column":16},"end":{"line":20,"column":36}},"8":{"start":{"line":21,"column":18},"end":{"line":21,"column":40}},"9":{"start":{"line":22,"column":13},"end":{"line":22,"column":30}},"10":{"start":{"line":24,"column":0},"end":{"line":24,"column":65}}},"fnMap":{"0":{"name":"(anonymous_0)","decl":{"start":{"line":14,"column":8},"end":{"line":14,"column":9}},"loc":{"start":{"line":14,"column":14},"end":{"line":14,"column":56}},"line":14},"1":{"name":"(anonymous_1)","decl":{"start":{"line":15,"column":9},"end":{"line":15,"column":10}},"loc":{"start":{"line":15,"column":18},"end":{"line":15,"column":34}},"line":15}},"branchMap":{},"s":{"0":1,"1":1,"2":1,"3":1,"4":0,"5":1,"6":1,"7":1,"8":1,"9":1,"10":1},"f":{"0":1,"1":0},"b":{},"_coverageSchema":"1a1c01bbd47fc00a2c39e90264f33305004495a9","hash":"19555a8caeac02138d17808fbbd84b7caf116720"}
,"/home/yogaadhi/GlintsXBinar/glintsxbinar/Week 6/Day 30/models/pelanggan.js": {"path":"/home/yogaadhi/GlintsXBinar/glintsxbinar/Week 6/Day 30/models/pelanggan.js","statementMap":{"0":{"start":{"line":1,"column":17},"end":{"line":1,"column":36}},"1":{"start":{"line":2,"column":23},"end":{"line":2,"column":49}},"2":{"start":{"line":4,"column":24},"end":{"line":25,"column":1}},"3":{"start":{"line":30,"column":2},"end":{"line":30,"column":28}},"4":{"start":{"line":33,"column":0},"end":{"line":33,"column":67}},"5":{"start":{"line":35,"column":0},"end":{"line":35,"column":75}}},"fnMap":{"0":{"name":"getPhoto","decl":{"start":{"line":29,"column":9},"end":{"line":29,"column":17}},"loc":{"start":{"line":29,"column":25},"end":{"line":31,"column":1}},"line":29}},"branchMap":{},"s":{"0":1,"1":1,"2":1,"3":0,"4":1,"5":1},"f":{"0":0},"b":{},"_coverageSchema":"1a1c01bbd47fc00a2c39e90264f33305004495a9","hash":"8737ba3a2b53d4ee2158c10a595be2df9a9bf664"}
,"/home/yogaadhi/GlintsXBinar/glintsxbinar/Week 6/Day 30/models/pemasok.js": {"path":"/home/yogaadhi/GlintsXBinar/glintsxbinar/Week 6/Day 30/models/pemasok.js","statementMap":{"0":{"start":{"line":1,"column":17},"end":{"line":1,"column":36}},"1":{"start":{"line":2,"column":23},"end":{"line":2,"column":49}},"2":{"start":{"line":4,"column":22},"end":{"line":24,"column":1}},"3":{"start":{"line":27,"column":2},"end":{"line":27,"column":28}},"4":{"start":{"line":30,"column":0},"end":{"line":30,"column":65}},"5":{"start":{"line":32,"column":0},"end":{"line":32,"column":69}}},"fnMap":{"0":{"name":"getPhoto","decl":{"start":{"line":26,"column":9},"end":{"line":26,"column":17}},"loc":{"start":{"line":26,"column":25},"end":{"line":28,"column":1}},"line":26}},"branchMap":{},"s":{"0":1,"1":1,"2":1,"3":0,"4":1,"5":1},"f":{"0":0},"b":{},"_coverageSchema":"1a1c01bbd47fc00a2c39e90264f33305004495a9","hash":"40a49accbd5dbc6f37a603be65195e4b199a88e0"}
,"/home/yogaadhi/GlintsXBinar/glintsxbinar/Week 6/Day 30/models/transaksi.js": {"path":"/home/yogaadhi/GlintsXBinar/glintsxbinar/Week 6/Day 30/models/transaksi.js","statementMap":{"0":{"start":{"line":1,"column":17},"end":{"line":1,"column":36}},"1":{"start":{"line":2,"column":23},"end":{"line":2,"column":49}},"2":{"start":{"line":4,"column":24},"end":{"line":30,"column":1}},"3":{"start":{"line":34,"column":0},"end":{"line":34,"column":66}},"4":{"start":{"line":36,"column":0},"end":{"line":36,"column":75}}},"fnMap":{},"branchMap":{},"s":{"0":1,"1":1,"2":1,"3":1,"4":1},"f":{},"b":{},"_coverageSchema":"1a1c01bbd47fc00a2c39e90264f33305004495a9","hash":"3256620dab681512604d68bfb34bc3c562ee94c2"}
,"/home/yogaadhi/GlintsXBinar/glintsxbinar/Week 6/Day 30/models/user.js": {"path":"/home/yogaadhi/GlintsXBinar/glintsxbinar/Week 6/Day 30/models/user.js","statementMap":{"0":{"start":{"line":1,"column":17},"end":{"line":1,"column":36}},"1":{"start":{"line":2,"column":23},"end":{"line":2,"column":49}},"2":{"start":{"line":3,"column":15},"end":{"line":3,"column":32}},"3":{"start":{"line":5,"column":19},"end":{"line":34,"column":1}},"4":{"start":{"line":38,"column":29},"end":{"line":38,"column":58}},"5":{"start":{"line":39,"column":2},"end":{"line":39,"column":27}},"6":{"start":{"line":43,"column":0},"end":{"line":43,"column":61}},"7":{"start":{"line":45,"column":0},"end":{"line":45,"column":52}}},"fnMap":{"0":{"name":"encryptPassword","decl":{"start":{"line":37,"column":11},"end":{"line":37,"column":26}},"loc":{"start":{"line":37,"column":36},"end":{"line":40,"column":1}},"line":37}},"branchMap":{},"s":{"0":1,"1":1,"2":1,"3":1,"4":2,"5":2,"6":1,"7":1},"f":{"0":2},"b":{},"_coverageSchema":"1a1c01bbd47fc00a2c39e90264f33305004495a9","hash":"6f3c48c08226f77366fe87ae9b29ade554f1a9ff"}
,"/home/yogaadhi/GlintsXBinar/glintsxbinar/Week 6/Day 30/routes/authRoutes.js": {"path":"/home/yogaadhi/GlintsXBinar/glintsxbinar/Week 6/Day 30/routes/authRoutes.js","statementMap":{"0":{"start":{"line":1,"column":16},"end":{"line":1,"column":34}},"1":{"start":{"line":2,"column":17},"end":{"line":2,"column":36}},"2":{"start":{"line":3,"column":23},"end":{"line":3,"column":63}},"3":{"start":{"line":4,"column":22},"end":{"line":4,"column":72}},"4":{"start":{"line":5,"column":14},"end":{"line":5,"column":44}},"5":{"start":{"line":13,"column":15},"end":{"line":13,"column":31}},"6":{"start":{"line":15,"column":0},"end":{"line":15,"column":83}},"7":{"start":{"line":16,"column":0},"end":{"line":16,"column":82}},"8":{"start":{"line":18,"column":0},"end":{"line":18,"column":24}}},"fnMap":{},"branchMap":{},"s":{"0":1,"1":1,"2":1,"3":1,"4":1,"5":1,"6":1,"7":1,"8":1},"f":{},"b":{},"_coverageSchema":"1a1c01bbd47fc00a2c39e90264f33305004495a9","hash":"566cf1a17d72e165d80e061807eb03291de8ac0d"}
,"/home/yogaadhi/GlintsXBinar/glintsxbinar/Week 6/Day 30/routes/barangRoutes.js": {"path":"/home/yogaadhi/GlintsXBinar/glintsxbinar/Week 6/Day 30/routes/barangRoutes.js","statementMap":{"0":{"start":{"line":1,"column":16},"end":{"line":1,"column":34}},"1":{"start":{"line":4,"column":24},"end":{"line":4,"column":76}},"2":{"start":{"line":7,"column":25},"end":{"line":7,"column":67}},"3":{"start":{"line":9,"column":15},"end":{"line":9,"column":31}},"4":{"start":{"line":10,"column":13},"end":{"line":10,"column":43}},"5":{"start":{"line":13,"column":0},"end":{"line":13,"column":51}},"6":{"start":{"line":14,"column":0},"end":{"line":14,"column":79}},"7":{"start":{"line":15,"column":0},"end":{"line":15,"column":77}},"8":{"start":{"line":16,"column":0},"end":{"line":16,"column":79}},"9":{"start":{"line":17,"column":0},"end":{"line":17,"column":82}},"10":{"start":{"line":19,"column":0},"end":{"line":19,"column":24}}},"fnMap":{},"branchMap":{},"s":{"0":1,"1":1,"2":1,"3":1,"4":1,"5":1,"6":1,"7":1,"8":1,"9":1,"10":1},"f":{},"b":{},"_coverageSchema":"1a1c01bbd47fc00a2c39e90264f33305004495a9","hash":"c5d0effcfa88634c34aef0395dabdf0ba6012777"}
,"/home/yogaadhi/GlintsXBinar/glintsxbinar/Week 6/Day 30/routes/transaksiRoutes.js": {"path":"/home/yogaadhi/GlintsXBinar/glintsxbinar/Week 6/Day 30/routes/transaksiRoutes.js","statementMap":{"0":{"start":{"line":1,"column":16},"end":{"line":1,"column":34}},"1":{"start":{"line":4,"column":27},"end":{"line":4,"column":82}},"2":{"start":{"line":7,"column":28},"end":{"line":7,"column":73}},"3":{"start":{"line":9,"column":15},"end":{"line":9,"column":31}},"4":{"start":{"line":10,"column":14},"end":{"line":10,"column":44}},"5":{"start":{"line":13,"column":0},"end":{"line":13,"column":54}},"6":{"start":{"line":14,"column":0},"end":{"line":14,"column":85}},"7":{"start":{"line":15,"column":0},"end":{"line":15,"column":84}},"8":{"start":{"line":16,"column":0},"end":{"line":16,"column":86}},"9":{"start":{"line":17,"column":0},"end":{"line":17,"column":89}},"10":{"start":{"line":19,"column":0},"end":{"line":19,"column":24}}},"fnMap":{},"branchMap":{},"s":{"0":1,"1":1,"2":1,"3":1,"4":1,"5":1,"6":1,"7":1,"8":1,"9":1,"10":1},"f":{},"b":{},"_coverageSchema":"1a1c01bbd47fc00a2c39e90264f33305004495a9","hash":"775149129ff2aeaaffafe7cac207fc2d34fa9979"}
}
