TN:
SF:index.js
FN:41,(anonymous_0)
FNF:1
FNH:1
FNDA:1,(anonymous_0)
DA:1,1
DA:6,1
DA:7,1
DA:10,1
DA:11,1
DA:12,1
DA:15,1
DA:19,1
DA:20,1
DA:27,1
DA:30,1
DA:33,1
DA:34,1
DA:35,1
DA:41,1
DA:46,1
LF:16
LH:16
BRF:0
BRH:0
end_of_record
TN:
SF:controllers/authController.js
FN:4,(anonymous_0)
FNF:1
FNH:1
FNDA:1,(anonymous_0)
DA:1,1
DA:5,1
DA:8,1
DA:16,1
DA:18,1
DA:24,0
DA:32,1
LF:7
LH:6
BRF:0
BRH:0
end_of_record
TN:
SF:controllers/barangController.js
FN:6,(anonymous_0)
FN:30,(anonymous_1)
FN:52,(anonymous_2)
FN:81,(anonymous_3)
FN:97,(anonymous_4)
FN:125,(anonymous_5)
FNF:6
FNH:0
FNDA:0,(anonymous_0)
FNDA:0,(anonymous_1)
FNDA:0,(anonymous_2)
FNDA:0,(anonymous_3)
FNDA:0,(anonymous_4)
FNDA:0,(anonymous_5)
DA:1,1
DA:2,1
DA:3,1
DA:7,0
DA:8,0
DA:11,0
DA:12,0
DA:18,0
DA:23,0
DA:31,0
DA:32,0
DA:35,0
DA:36,0
DA:40,0
DA:45,0
DA:53,0
DA:55,0
DA:68,0
DA:73,0
DA:82,0
DA:84,0
DA:86,0
DA:90,0
DA:98,0
DA:100,0
DA:101,0
DA:104,0
DA:105,0
DA:109,0
DA:110,0
DA:116,0
DA:119,0
DA:122,0
DA:125,0
DA:126,0
DA:127,0
DA:129,0
DA:138,0
DA:141,0
DA:146,0
DA:151,0
DA:152,0
DA:160,1
LF:43
LH:4
BRDA:11,0,0,0
BRDA:11,0,1,0
BRDA:35,1,0,0
BRDA:35,1,1,0
BRDA:100,2,0,0
BRDA:100,2,1,0
BRDA:104,3,0,0
BRDA:104,3,1,0
BRDA:109,4,0,0
BRDA:109,4,1,0
BRDA:126,5,0,0
BRDA:126,5,1,0
BRF:12
BRH:0
end_of_record
TN:
SF:controllers/transaksiController.js
FN:8,(anonymous_0)
FN:34,(anonymous_1)
FN:92,(anonymous_2)
FN:119,(anonymous_3)
FN:148,(anonymous_4)
FNF:5
FNH:0
FNDA:0,(anonymous_0)
FNDA:0,(anonymous_1)
FNDA:0,(anonymous_2)
FNDA:0,(anonymous_3)
FNDA:0,(anonymous_4)
DA:1,1
DA:3,1
DA:9,0
DA:10,0
DA:13,0
DA:14,0
DA:20,0
DA:25,0
DA:26,0
DA:35,0
DA:36,0
DA:39,0
DA:40,0
DA:44,0
DA:49,0
DA:93,0
DA:95,0
DA:106,0
DA:111,0
DA:120,0
DA:122,0
DA:135,0
DA:140,0
DA:149,0
DA:151,0
DA:153,0
DA:157,0
DA:165,1
LF:28
LH:3
BRDA:13,0,0,0
BRDA:13,0,1,0
BRDA:39,1,0,0
BRDA:39,1,1,0
BRF:4
BRH:0
end_of_record
TN:
SF:middlewares/auth/index.js
FN:9,(anonymous_0)
FN:11,(anonymous_1)
FN:48,(anonymous_2)
FN:75,(anonymous_3)
FN:77,(anonymous_4)
FN:114,(anonymous_5)
FN:159,(anonymous_6)
FN:161,(anonymous_7)
FN:200,(anonymous_8)
FN:224,(anonymous_9)
FN:226,(anonymous_10)
FN:265,(anonymous_11)
FNF:12
FNH:6
FNDA:2,(anonymous_0)
FNDA:2,(anonymous_1)
FNDA:2,(anonymous_2)
FNDA:1,(anonymous_3)
FNDA:1,(anonymous_4)
FNDA:1,(anonymous_5)
FNDA:0,(anonymous_6)
FNDA:0,(anonymous_7)
FNDA:0,(anonymous_8)
FNDA:0,(anonymous_9)
FNDA:0,(anonymous_10)
FNDA:0,(anonymous_11)
DA:1,1
DA:2,1
DA:3,1
DA:4,1
DA:5,1
DA:6,1
DA:9,1
DA:11,2
DA:18,2
DA:19,0
DA:26,2
DA:27,1
DA:33,1
DA:36,1
DA:40,1
DA:49,2
DA:52,2
DA:59,1
DA:67,1
DA:75,1
DA:77,1
DA:84,1
DA:85,0
DA:92,1
DA:93,1
DA:99,0
DA:102,0
DA:106,1
DA:115,1
DA:118,1
DA:124,1
DA:125,1
DA:131,0
DA:136,0
DA:137,0
DA:142,0
DA:151,0
DA:159,1
DA:161,0
DA:168,0
DA:169,0
DA:176,0
DA:177,0
DA:183,0
DA:186,0
DA:190,1
DA:202,0
DA:203,0
DA:204,0
DA:206,0
DA:207,0
DA:210,0
DA:216,0
DA:224,1
DA:226,0
DA:233,0
DA:234,0
DA:241,0
DA:242,0
DA:248,0
DA:251,0
DA:255,1
DA:267,0
DA:268,0
DA:269,0
DA:271,0
DA:272,0
DA:275,0
DA:281,0
LF:69
LH:32
BRDA:18,0,0,0
BRDA:18,0,1,2
BRDA:26,1,0,1
BRDA:26,1,1,1
BRDA:84,2,0,0
BRDA:84,2,1,1
BRDA:92,3,0,1
BRDA:92,3,1,0
BRDA:124,4,0,1
BRDA:124,4,1,0
BRDA:136,5,0,0
BRDA:136,5,1,0
BRDA:168,6,0,0
BRDA:168,6,1,0
BRDA:176,7,0,0
BRDA:176,7,1,0
BRDA:206,8,0,0
BRDA:206,8,1,0
BRDA:233,9,0,0
BRDA:233,9,1,0
BRDA:241,10,0,0
BRDA:241,10,1,0
BRDA:271,11,0,0
BRDA:271,11,1,0
BRF:24
BRH:6
end_of_record
TN:
SF:middlewares/validators/authValidator.js
FN:3,(anonymous_0)
FN:32,(anonymous_1)
FNF:2
FNH:2
FNDA:2,(anonymous_0)
FNDA:1,(anonymous_1)
DA:1,1
DA:3,1
DA:6,2
DA:7,2
DA:8,0
DA:11,2
DA:12,0
DA:18,2
DA:19,0
DA:23,2
DA:24,0
DA:29,2
DA:32,1
DA:33,1
DA:34,1
DA:35,0
DA:38,1
DA:39,0
DA:43,1
DA:44,0
DA:49,1
LF:21
LH:14
BRDA:7,0,0,0
BRDA:7,0,1,2
BRDA:11,1,0,0
BRDA:11,1,1,2
BRDA:18,2,0,0
BRDA:18,2,1,2
BRDA:23,3,0,0
BRDA:23,3,1,2
BRDA:34,4,0,0
BRDA:34,4,1,1
BRDA:38,5,0,0
BRDA:38,5,1,1
BRDA:43,6,0,0
BRDA:43,6,1,1
BRF:14
BRH:7
end_of_record
TN:
SF:middlewares/validators/barangValidator.js
FN:7,(anonymous_0)
FN:77,(anonymous_1)
FN:96,(anonymous_2)
FN:105,(anonymous_3)
FN:145,(anonymous_4)
FNF:5
FNH:0
FNDA:0,(anonymous_0)
FNDA:0,(anonymous_1)
FNDA:0,(anonymous_2)
FNDA:0,(anonymous_3)
FNDA:0,(anonymous_4)
DA:1,1
DA:2,1
DA:3,1
DA:4,1
DA:5,1
DA:7,1
DA:9,0
DA:12,0
DA:13,0
DA:19,0
DA:20,0
DA:25,0
DA:31,0
DA:32,0
DA:36,0
DA:37,0
DA:41,0
DA:42,0
DA:46,0
DA:48,0
DA:54,0
DA:55,0
DA:58,0
DA:59,0
DA:63,0
DA:64,0
DA:68,0
DA:71,0
DA:74,0
DA:77,0
DA:78,0
DA:79,0
DA:81,0
DA:89,0
DA:92,0
DA:96,1
DA:97,0
DA:98,0
DA:102,0
DA:105,1
DA:106,0
DA:110,0
DA:111,0
DA:121,0
DA:122,0
DA:128,0
DA:133,0
DA:134,0
DA:138,0
DA:139,0
DA:142,0
DA:145,1
DA:146,0
DA:149,0
DA:150,0
DA:154,0
DA:155,0
DA:161,0
DA:164,0
DA:165,0
DA:169,0
DA:170,0
DA:175,0
LF:63
LH:9
BRDA:12,0,0,0
BRDA:12,0,1,0
BRDA:19,1,0,0
BRDA:19,1,1,0
BRDA:31,2,0,0
BRDA:31,2,1,0
BRDA:36,3,0,0
BRDA:36,3,1,0
BRDA:41,4,0,0
BRDA:41,4,1,0
BRDA:46,5,0,0
BRDA:46,5,1,0
BRDA:54,6,0,0
BRDA:54,6,1,0
BRDA:58,7,0,0
BRDA:58,7,1,0
BRDA:63,8,0,0
BRDA:63,8,1,0
BRDA:78,9,0,0
BRDA:78,9,1,0
BRDA:97,10,0,0
BRDA:97,10,1,0
BRDA:110,11,0,0
BRDA:110,11,1,0
BRDA:121,12,0,0
BRDA:121,12,1,0
BRDA:133,13,0,0
BRDA:133,13,1,0
BRDA:138,14,0,0
BRDA:138,14,1,0
BRDA:149,15,0,0
BRDA:149,15,1,0
BRDA:154,16,0,0
BRDA:154,16,1,0
BRDA:164,17,0,0
BRDA:164,17,1,0
BRDA:169,18,0,0
BRDA:169,18,1,0
BRF:38
BRH:0
end_of_record
TN:
SF:middlewares/validators/transaksiValidator.js
FN:6,(anonymous_0)
FN:15,(anonymous_1)
FN:77,(anonymous_2)
FN:140,(anonymous_3)
FNF:4
FNH:0
FNDA:0,(anonymous_0)
FNDA:0,(anonymous_1)
FNDA:0,(anonymous_2)
FNDA:0,(anonymous_3)
DA:2,1
DA:3,1
DA:4,1
DA:6,1
DA:7,0
DA:8,0
DA:12,0
DA:15,1
DA:16,0
DA:19,0
DA:20,0
DA:26,0
DA:27,0
DA:33,0
DA:34,0
DA:40,0
DA:46,0
DA:47,0
DA:51,0
DA:52,0
DA:56,0
DA:57,0
DA:61,0
DA:62,0
DA:68,0
DA:69,0
DA:70,0
DA:73,0
DA:77,1
DA:78,0
DA:82,0
DA:83,0
DA:87,0
DA:88,0
DA:93,0
DA:94,0
DA:100,0
DA:107,0
DA:108,0
DA:112,0
DA:113,0
DA:117,0
DA:118,0
DA:122,0
DA:123,0
DA:127,0
DA:128,0
DA:133,0
DA:134,0
DA:135,0
DA:137,0
DA:140,1
DA:141,0
DA:144,0
DA:145,0
DA:149,0
DA:150,0
DA:156,0
DA:159,0
DA:160,0
DA:164,0
DA:165,0
DA:170,0
LF:63
LH:7
BRDA:7,0,0,0
BRDA:7,0,1,0
BRDA:19,1,0,0
BRDA:19,1,1,0
BRDA:26,2,0,0
BRDA:26,2,1,0
BRDA:33,3,0,0
BRDA:33,3,1,0
BRDA:46,4,0,0
BRDA:46,4,1,0
BRDA:51,5,0,0
BRDA:51,5,1,0
BRDA:56,6,0,0
BRDA:56,6,1,0
BRDA:61,7,0,0
BRDA:61,7,1,0
BRDA:82,8,0,0
BRDA:82,8,1,0
BRDA:87,9,0,0
BRDA:87,9,1,0
BRDA:93,10,0,0
BRDA:93,10,1,0
BRDA:107,11,0,0
BRDA:107,11,1,0
BRDA:112,12,0,0
BRDA:112,12,1,0
BRDA:117,13,0,0
BRDA:117,13,1,0
BRDA:122,14,0,0
BRDA:122,14,1,0
BRDA:127,15,0,0
BRDA:127,15,1,0
BRDA:144,16,0,0
BRDA:144,16,1,0
BRDA:149,17,0,0
BRDA:149,17,1,0
BRDA:159,18,0,0
BRDA:159,18,1,0
BRDA:164,19,0,0
BRDA:164,19,1,0
BRF:40
BRH:0
end_of_record
TN:
SF:models/barang.js
FN:39,getImage
FNF:1
FNH:0
FNDA:0,getImage
DA:1,1
DA:2,1
DA:4,1
DA:40,0
DA:44,1
DA:46,1
LF:6
LH:5
BRF:0
BRH:0
end_of_record
TN:
SF:models/index.js
FN:14,(anonymous_0)
FN:15,(anonymous_1)
FNF:2
FNH:1
FNDA:1,(anonymous_0)
FNDA:0,(anonymous_1)
DA:1,1
DA:3,1
DA:7,1
DA:14,1
DA:15,0
DA:18,1
DA:19,1
DA:20,1
DA:21,1
DA:22,1
DA:24,1
LF:11
LH:10
BRF:0
BRH:0
end_of_record
TN:
SF:models/pelanggan.js
FN:29,getPhoto
FNF:1
FNH:0
FNDA:0,getPhoto
DA:1,1
DA:2,1
DA:4,1
DA:30,0
DA:33,1
DA:35,1
LF:6
LH:5
BRF:0
BRH:0
end_of_record
TN:
SF:models/pemasok.js
FN:26,getPhoto
FNF:1
FNH:0
FNDA:0,getPhoto
DA:1,1
DA:2,1
DA:4,1
DA:27,0
DA:30,1
DA:32,1
LF:6
LH:5
BRF:0
BRH:0
end_of_record
TN:
SF:models/transaksi.js
FNF:0
FNH:0
DA:1,1
DA:2,1
DA:4,1
DA:34,1
DA:36,1
LF:5
LH:5
BRF:0
BRH:0
end_of_record
TN:
SF:models/user.js
FN:37,encryptPassword
FNF:1
FNH:1
FNDA:2,encryptPassword
DA:1,1
DA:2,1
DA:3,1
DA:5,1
DA:38,2
DA:39,2
DA:43,1
DA:45,1
LF:8
LH:8
BRF:0
BRH:0
end_of_record
TN:
SF:routes/authRoutes.js
FNF:0
FNH:0
DA:1,1
DA:2,1
DA:3,1
DA:4,1
DA:5,1
DA:13,1
DA:15,1
DA:16,1
DA:18,1
LF:9
LH:9
BRF:0
BRH:0
end_of_record
TN:
SF:routes/barangRoutes.js
FNF:0
FNH:0
DA:1,1
DA:4,1
DA:7,1
DA:9,1
DA:10,1
DA:13,1
DA:14,1
DA:15,1
DA:16,1
DA:17,1
DA:19,1
LF:11
LH:11
BRF:0
BRH:0
end_of_record
TN:
SF:routes/transaksiRoutes.js
FNF:0
FNH:0
DA:1,1
DA:4,1
DA:7,1
DA:9,1
DA:10,1
DA:13,1
DA:14,1
DA:15,1
DA:16,1
DA:17,1
DA:19,1
LF:11
LH:11
BRF:0
BRH:0
end_of_record
